Log file open, 01/26/18 23:50:24
LogWindows: Failed to load 'aqProf.dll' (GetLastError=126)
LogWindows: File 'aqProf.dll' does not exist
LogWindows: Failed to load 'VSPerf140.dll' (GetLastError=126)
LogWindows: File 'VSPerf140.dll' does not exist
LogWindows: Failed to load 'VtuneApi.dll' (GetLastError=126)
LogWindows: File 'VtuneApi.dll' does not exist
LogWindows: Failed to load 'VtuneApi32e.dll' (GetLastError=126)
LogWindows: File 'VtuneApi32e.dll' does not exist
LogInit: Display: Running engine for game: MST
LogPlatformFile: Not using cached read wrapper
LogInit: Display: RandInit(1310735141) SRandInit(1310735141).
LogInit: Read version file with build ID '3709383'
LogInit: Overriding engine version to CL 3832480, compatible CL 3709383
LogInit: Registered custom module enumerator with build ID '3709383'
LogTaskGraph: Started task graph with 5 named threads and 14 total threads with 3 sets of task threads.
LogStats: Stats thread started at 0.168399
LogD3D11RHI: Aftermath initialized
LogModuleManager: Display: Found up-to-date module file ../../../Engine/Plugins/2D/Paper2D/Binaries/Win64/UE4Editor-Paper2D.dll (API version 3709383).
LogModuleManager: Display: Found up-to-date module file ../../../Engine/Plugins/2D/Paper2D/Binaries/Win64/UE4Editor-Paper2DEditor.dll (API version 3709383).
LogModuleManager: Display: Found up-to-date module file ../../../Engine/Plugins/2D/Paper2D/Binaries/Win64/UE4Editor-PaperSpriteSheetImporter.dll (API version 3709383).
LogModuleManager: Display: Found up-to-date module file ../../../Engine/Plugins/2D/Paper2D/Binaries/Win64/UE4Editor-PaperTiledImporter.dll (API version 3709383).
LogModuleManager: Display: Found up-to-date module file ../../../Engine/Plugins/2D/Paper2D/Binaries/Win64/UE4Editor-SmartSnapping.dll (API version 3709383).
LogModuleManager: Display: Found up-to-date module file ../../../Engine/Plugins/Blendables/LightPropagationVolume/Binaries/Win64/UE4Editor-LightPropagationVolumeRuntime.dll (API version 3709383).
LogModuleManager: Display: Found up-to-date module file ../../../Engine/Plugins/Blendables/LightPropagationVolume/Binaries/Win64/UE4Editor-LightPropagationVolumeEditor.dll (API version 3709383).
LogModuleManager: Display: Found up-to-date module file ../../../Engine/Plugins/Developer/GitSourceControl/Binaries/Win64/UE4Editor-GitSourceControl.dll (API version 3709383).
LogModuleManager: Display: Found up-to-date module file ../../../Engine/Plugins/Developer/PerforceSourceControl/Binaries/Win64/UE4Editor-PerforceSourceControl.dll (API version 3709383).
LogModuleManager: Display: Found up-to-date module file ../../../Engine/Plugins/Developer/SubversionSourceControl/Binaries/Win64/UE4Editor-SubversionSourceControl.dll (API version 3709383).
LogModuleManager: Display: Found up-to-date module file ../../../Engine/Plugins/Developer/UObjectPlugin/Binaries/Win64/UE4Editor-UObjectPlugin.dll (API version 3709383).
LogModuleManager: Display: Found up-to-date module file ../../../Engine/Plugins/Developer/VisualStudioCodeSourceCodeAccess/Binaries/Win64/UE4Editor-VisualStudioCodeSourceCodeAccess.dll (API version 3709383).
LogModuleManager: Display: Found up-to-date module file ../../../Engine/Plugins/Developer/VisualStudioSourceCodeAccess/Binaries/Win64/UE4Editor-VisualStudioSourceCodeAccess.dll (API version 3709383).
LogModuleManager: Display: Found up-to-date module file ../../../Engine/Plugins/Editor/AssetManagerEditor/Binaries/Win64/UE4Editor-AssetManagerEditor.dll (API version 3709383).
LogModuleManager: Display: Found up-to-date module file ../../../Engine/Plugins/Editor/AudioCapture/Binaries/Win64/UE4Editor-AudioCapture.dll (API version 3709383).
LogModuleManager: Display: Found up-to-date module file ../../../Engine/Plugins/Editor/FacialAnimation/Binaries/Win64/UE4Editor-FacialAnimation.dll (API version 3709383).
LogModuleManager: Display: Found up-to-date module file ../../../Engine/Plugins/Editor/FacialAnimation/Binaries/Win64/UE4Editor-FacialAnimationEditor.dll (API version 3709383).
LogModuleManager: Display: Found up-to-date module file ../../../Engine/Plugins/Editor/GameplayTagsEditor/Binaries/Win64/UE4Editor-GameplayTagsEditor.dll (API version 3709383).
LogModuleManager: Display: Found up-to-date module file ../../../Engine/Plugins/Editor/MobileLauncherProfileWizard/Binaries/Win64/UE4Editor-MobileLauncherProfileWizard.dll (API version 3709383).
LogModuleManager: Display: Found up-to-date module file ../../../Engine/Plugins/Editor/PluginBrowser/Binaries/Win64/UE4Editor-PluginBrowser.dll (API version 3709383).
LogModuleManager: Display: Found up-to-date module file ../../../Engine/Plugins/Editor/SpeedTreeImporter/Binaries/Win64/UE4Editor-SpeedTreeImporter.dll (API version 3709383).
LogModuleManager: Display: Found up-to-date module file ../../../Engine/Plugins/Experimental/AlembicImporter/Binaries/Win64/UE4Editor-AlembicImporter.dll (API version 3709383).
LogModuleManager: Display: Found up-to-date module file ../../../Engine/Plugins/Experimental/AlembicImporter/Binaries/Win64/UE4Editor-AlembicLibrary.dll (API version 3709383).
LogModuleManager: Display: Found up-to-date module file ../../../Engine/Plugins/Experimental/CharacterAI/Binaries/Win64/UE4Editor-CharacterAI.dll (API version 3709383).
LogModuleManager: Display: Found up-to-date module file ../../../Engine/Plugins/Experimental/HTML5Networking/Binaries/Win64/UE4Editor-HTML5Networking.dll (API version 3709383).
LogModuleManager: Display: Found up-to-date module file ../../../Engine/Plugins/Media/AndroidMedia/Binaries/Win64/UE4Editor-AndroidMediaEditor.dll (API version 3709383).
LogModuleManager: Display: Found up-to-date module file ../../../Engine/Plugins/Media/AndroidMedia/Binaries/Win64/UE4Editor-AndroidMediaFactory.dll (API version 3709383).
LogModuleManager: Display: Found up-to-date module file ../../../Engine/Plugins/Media/AvfMedia/Binaries/Win64/UE4Editor-AvfMediaEditor.dll (API version 3709383).
LogModuleManager: Display: Found up-to-date module file ../../../Engine/Plugins/Media/AvfMedia/Binaries/Win64/UE4Editor-AvfMediaFactory.dll (API version 3709383).
LogModuleManager: Display: Found up-to-date module file ../../../Engine/Plugins/Media/AvfMedia/Binaries/Win64/UE4Editor-AvfMediaFactory.dll (API version 3709383).
LogModuleManager: Display: Found up-to-date module file ../../../Engine/Plugins/Media/ImgMedia/Binaries/Win64/UE4Editor-ImgMedia.dll (API version 3709383).
LogModuleManager: Display: Found up-to-date module file ../../../Engine/Plugins/Media/ImgMedia/Binaries/Win64/UE4Editor-ImgMediaEditor.dll (API version 3709383).
LogModuleManager: Display: Found up-to-date module file ../../../Engine/Plugins/Media/ImgMedia/Binaries/Win64/UE4Editor-ImgMediaFactory.dll (API version 3709383).
LogModuleManager: Display: Found up-to-date module file ../../../Engine/Plugins/Media/ImgMedia/Binaries/Win64/UE4Editor-ImgMediaFactory.dll (API version 3709383).
LogModuleManager: Display: Found up-to-date module file ../../../Engine/Plugins/Media/ImgMedia/Binaries/Win64/UE4Editor-OpenExrWrapper.dll (API version 3709383).
LogModuleManager: Display: Found up-to-date module file ../../../Engine/Plugins/Media/MediaCompositing/Binaries/Win64/UE4Editor-MediaCompositing.dll (API version 3709383).
LogModuleManager: Display: Found up-to-date module file ../../../Engine/Plugins/Media/MediaCompositing/Binaries/Win64/UE4Editor-MediaCompositingEditor.dll (API version 3709383).
LogModuleManager: Display: Found up-to-date module file ../../../Engine/Plugins/Media/MediaPlayerEditor/Binaries/Win64/UE4Editor-MediaPlayerEditor.dll (API version 3709383).
LogModuleManager: Display: Found up-to-date module file ../../../Engine/Plugins/Media/WmfMedia/Binaries/Win64/UE4Editor-WmfMedia.dll (API version 3709383).
LogModuleManager: Display: Found up-to-date module file ../../../Engine/Plugins/Media/WmfMedia/Binaries/Win64/UE4Editor-WmfMediaEditor.dll (API version 3709383).
LogModuleManager: Display: Found up-to-date module file ../../../Engine/Plugins/Media/WmfMedia/Binaries/Win64/UE4Editor-WmfMediaFactory.dll (API version 3709383).
LogModuleManager: Display: Found up-to-date module file ../../../Engine/Plugins/Media/WmfMedia/Binaries/Win64/UE4Editor-WmfMediaFactory.dll (API version 3709383).
LogModuleManager: Display: Found up-to-date module file ../../../Engine/Plugins/Messaging/TcpMessaging/Binaries/Win64/UE4Editor-TcpMessaging.dll (API version 3709383).
LogModuleManager: Display: Found up-to-date module file ../../../Engine/Plugins/Messaging/UdpMessaging/Binaries/Win64/UE4Editor-UdpMessaging.dll (API version 3709383).
LogModuleManager: Display: Found up-to-date module file ../../../Engine/Plugins/MovieScene/ActorSequence/Binaries/Win64/UE4Editor-ActorSequence.dll (API version 3709383).
LogModuleManager: Display: Found up-to-date module file ../../../Engine/Plugins/MovieScene/LevelSequenceEditor/Binaries/Win64/UE4Editor-LevelSequenceEditor.dll (API version 3709383).
LogModuleManager: Display: Found up-to-date module file ../../../Engine/Plugins/MovieScene/MatineeToLevelSequence/Binaries/Win64/UE4Editor-MatineeToLevelSequence.dll (API version 3709383).
LogModuleManager: Display: Found up-to-date module file ../../../Engine/Plugins/Online/OnlineSubsystem/Binaries/Win64/UE4Editor-OnlineSubsystem.dll (API version 3709383).
LogModuleManager: Display: Found up-to-date module file ../../../Engine/Plugins/Runtime/AndroidPermission/Binaries/Win64/UE4Editor-AndroidPermission.dll (API version 3709383).
LogModuleManager: Display: Found up-to-date module file ../../../Engine/Plugins/Online/OnlineSubsystemNull/Binaries/Win64/UE4Editor-OnlineSubsystemNull.dll (API version 3709383).
LogModuleManager: Display: Found up-to-date module file ../../../Engine/Plugins/Online/OnlineSubsystemUtils/Binaries/Win64/UE4Editor-OnlineSubsystemUtils.dll (API version 3709383).
LogModuleManager: Display: Found up-to-date module file ../../../Engine/Plugins/Online/OnlineSubsystemUtils/Binaries/Win64/UE4Editor-OnlineBlueprintSupport.dll (API version 3709383).
LogModuleManager: Display: Found up-to-date module file ../../../Engine/Plugins/Runtime/AndroidDeviceProfileSelector/Binaries/Win64/UE4Editor-AndroidDeviceProfileSelector.dll (API version 3709383).
LogModuleManager: Display: Found up-to-date module file ../../../Engine/Plugins/Runtime/AppleARKit/Binaries/Win64/UE4Editor-AppleARKit.dll (API version 3709383).
LogModuleManager: Display: Found up-to-date module file ../../../Engine/Plugins/Runtime/ArchVisCharacter/Binaries/Win64/UE4Editor-ArchVisCharacter.dll (API version 3709383).
LogModuleManager: Display: Found up-to-date module file ../../../Engine/Plugins/Runtime/CableComponent/Binaries/Win64/UE4Editor-CableComponent.dll (API version 3709383).
LogModuleManager: Display: Found up-to-date module file ../../../Engine/Plugins/Runtime/CustomMeshComponent/Binaries/Win64/UE4Editor-CustomMeshComponent.dll (API version 3709383).
LogModuleManager: Display: Found up-to-date module file ../../../Engine/Plugins/Runtime/ExampleDeviceProfileSelector/Binaries/Win64/UE4Editor-ExampleDeviceProfileSelector.dll (API version 3709383).
LogModuleManager: Display: Found up-to-date module file ../../../Engine/Plugins/Runtime/ImmediatePhysics/Binaries/Win64/UE4Editor-ImmediatePhysics.dll (API version 3709383).
LogModuleManager: Display: Found up-to-date module file ../../../Engine/Plugins/Runtime/ImmediatePhysics/Binaries/Win64/UE4Editor-ImmediatePhysicsEditor.dll (API version 3709383).
LogModuleManager: Display: Found up-to-date module file ../../../Engine/Plugins/Runtime/LocationServicesBPLibrary/Binaries/Win64/UE4Editor-LocationServicesBPLibrary.dll (API version 3709383).
LogModuleManager: Display: Found up-to-date module file ../../../Engine/Plugins/Runtime/MobilePatchingUtils/Binaries/Win64/UE4Editor-MobilePatchingUtils.dll (API version 3709383).
LogModuleManager: Display: Found up-to-date module file ../../../Engine/Plugins/Runtime/Oculus/OculusVR/Binaries/Win64/UE4Editor-OculusHMD.dll (API version 3709383).
LogModuleManager: Display: Found up-to-date module file ../../../Engine/Plugins/Runtime/Oculus/OculusVR/Binaries/Win64/UE4Editor-OculusInput.dll (API version 3709383).
LogModuleManager: Display: Found up-to-date module file ../../../Engine/Plugins/Runtime/Oculus/OculusVR/Binaries/Win64/UE4Editor-OculusEditor.dll (API version 3709383).
LogModuleManager: Display: Found up-to-date module file ../../../Engine/Plugins/Runtime/PhysXVehicles/Binaries/Win64/UE4Editor-PhysXVehicles.dll (API version 3709383).
LogModuleManager: Display: Found up-to-date module file ../../../Engine/Plugins/Runtime/PhysXVehicles/Binaries/Win64/UE4Editor-PhysXVehiclesEditor.dll (API version 3709383).
LogModuleManager: Display: Found up-to-date module file ../../../Engine/Plugins/Runtime/ProceduralMeshComponent/Binaries/Win64/UE4Editor-ProceduralMeshComponent.dll (API version 3709383).
LogModuleManager: Display: Found up-to-date module file ../../../Engine/Plugins/Runtime/ProceduralMeshComponent/Binaries/Win64/UE4Editor-ProceduralMeshComponentEditor.dll (API version 3709383).
LogModuleManager: Display: Found up-to-date module file ../../../Engine/Plugins/Runtime/RuntimePhysXCooking/Binaries/Win64/UE4Editor-RuntimePhysXCooking.dll (API version 3709383).
LogModuleManager: Display: Found up-to-date module file ../../../Engine/Plugins/Runtime/Steam/SteamVR/Binaries/Win64/UE4Editor-SteamVR.dll (API version 3709383).
LogModuleManager: Display: Found up-to-date module file ../../../Engine/Plugins/Runtime/Steam/SteamVR/Binaries/Win64/UE4Editor-SteamVRController.dll (API version 3709383).
LogModuleManager: Display: Found up-to-date module file ../../../Engine/Plugins/Runtime/WindowsMoviePlayer/Binaries/Win64/UE4Editor-WindowsMoviePlayer.dll (API version 3709383).
LogPluginManager: Mounting plugin Paper2D
LogPluginManager: Mounting plugin LightPropagationVolume
LogPluginManager: Mounting plugin CodeLiteSourceCodeAccess
LogPluginManager: Mounting plugin GitSourceControl
LogPluginManager: Mounting plugin KDevelopSourceCodeAccess
LogPluginManager: Mounting plugin NullSourceCodeAccess
LogPluginManager: Mounting plugin PerforceSourceControl
LogPluginManager: Mounting plugin SubversionSourceControl
LogPluginManager: Mounting plugin UObjectPlugin
LogPluginManager: Mounting plugin VisualStudioCodeSourceCodeAccess
LogPluginManager: Mounting plugin VisualStudioSourceCodeAccess
LogPluginManager: Mounting plugin XCodeSourceCodeAccess
LogPluginManager: Mounting plugin AssetManagerEditor
LogPluginManager: Mounting plugin AudioCapture
LogPluginManager: Mounting plugin FacialAnimation
LogPluginManager: Mounting plugin GameplayTagsEditor
LogPluginManager: Mounting plugin MobileLauncherProfileWizard
LogPluginManager: Mounting plugin PluginBrowser
LogPluginManager: Mounting plugin SpeedTreeImporter
LogPluginManager: Mounting plugin AlembicImporter
LogPluginManager: Mounting plugin CharacterAI
LogPluginManager: Mounting plugin HTML5Networking
LogPluginManager: Mounting plugin AndroidMedia
LogPluginManager: Mounting plugin AvfMedia
LogPluginManager: Mounting plugin ImgMedia
LogPluginManager: Mounting plugin MediaCompositing
LogPluginManager: Mounting plugin MediaPlayerEditor
LogPluginManager: Mounting plugin WmfMedia
LogPluginManager: Mounting plugin TcpMessaging
LogPluginManager: Mounting plugin UdpMessaging
LogPluginManager: Mounting plugin ActorSequence
LogPluginManager: Mounting plugin LevelSequenceEditor
LogPluginManager: Mounting plugin MatineeToLevelSequence
LogPluginManager: Mounting plugin OnlineSubsystemGooglePlay
LogPluginManager: Mounting plugin OnlineSubsystemIOS
LogPluginManager: Mounting plugin OnlineSubsystem
LogPluginManager: Mounting plugin OnlineSubsystemNull
LogPluginManager: Mounting plugin OnlineSubsystemUtils
LogPluginManager: Mounting plugin AndroidDeviceProfileSelector
LogPluginManager: Mounting plugin AndroidMoviePlayer
LogPluginManager: Mounting plugin AndroidPermission
LogPluginManager: Mounting plugin AppleARKit
LogPluginManager: Mounting plugin AppleMoviePlayer
LogPluginManager: Mounting plugin ArchVisCharacter
LogPluginManager: Mounting plugin CableComponent
LogPluginManager: Mounting plugin CustomMeshComponent
LogPluginManager: Mounting plugin ExampleDeviceProfileSelector
LogPluginManager: Mounting plugin GoogleCloudMessaging
LogPluginManager: Mounting plugin ImmediatePhysics
LogPluginManager: Mounting plugin IOSDeviceProfileSelector
LogPluginManager: Mounting plugin LinuxDeviceProfileSelector
LogPluginManager: Mounting plugin LocationServicesBPLibrary
LogPluginManager: Mounting plugin MobilePatchingUtils
LogPluginManager: Mounting plugin OculusVR
LogPluginManager: Plugin shader directory ../../../Engine/Plugins/Runtime/Oculus/OculusVR/Shaders found
LogPluginManager: Mapping shader source directory ../../../Engine/Plugins/Runtime/Oculus/OculusVR/Shaders to virtual directory /Plugin/OculusVR
LogPluginManager: Mounting plugin PhysXVehicles
LogPluginManager: Mounting plugin ProceduralMeshComponent
LogPluginManager: Mounting plugin RuntimePhysXCooking
LogPluginManager: Mounting plugin SteamVR
LogPluginManager: Mounting plugin WindowsMoviePlayer
LogInit: Using libcurl 7.47.1
LogInit:  - built for x86_64-pc-win32
LogInit:  - supports SSL with OpenSSL/1.0.2g
LogInit:  - supports HTTP deflate (compression) using libz 1.2.8
LogInit:  - other features:
LogInit:      CURL_VERSION_SSL
LogInit:      CURL_VERSION_LIBZ
LogInit:      CURL_VERSION_IPV6
LogInit:      CURL_VERSION_ASYNCHDNS
LogInit:      CURL_VERSION_LARGEFILE
LogInit:      CURL_VERSION_IDN
LogInit:  CurlRequestOptions (configurable via config and command line):
LogInit:  - bVerifyPeer = false  - Libcurl will NOT verify peer certificate
LogInit:  - bUseHttpProxy = false  - Libcurl will NOT use HTTP proxy
LogInit:  - bDontReuseConnections = false  - Libcurl will reuse connections
LogInit:  - CertBundlePath = nullptr  - Libcurl will use whatever was configured at build time.
LogInit: Build: ++UE4+Release-4.18-CL-3832480
LogInit: Engine Version: 4.18.3-3832480+++UE4+Release-4.18
LogInit: Compatible Engine Version: 4.18.0-3709383+++UE4+Release-4.18
LogInit: Net CL: 3709383
LogDevObjectVersion: Number of dev versions registered: 16
LogDevObjectVersion:   Dev-Blueprints (B0D832E4-1F89-4F0D-ACCF-7EB736FD4AA2): 10
LogDevObjectVersion:   Dev-Build (E1C64328-A22C-4D53-A36C-8E866417BD8C): 0
LogDevObjectVersion:   Dev-Core (375EC13C-06E4-48FB-B500-84F0262A717E): 2
LogDevObjectVersion:   Dev-Editor (E4B068ED-F494-42E9-A231-DA0B2E46BB41): 20
LogDevObjectVersion:   Dev-Framework (CFFC743F-43B0-4480-9391-14DF171D2073): 30
LogDevObjectVersion:   Dev-Mobile (B02B49B5-BB20-44E9-A304-32B752E40360): 0
LogDevObjectVersion:   Dev-Networking (A4E4105C-59A1-49B5-A7C5-40C4547EDFEE): 0
LogDevObjectVersion:   Dev-Online (39C831C9-5AE6-47DC-9A44-9C173E1C8E7C): 0
LogDevObjectVersion:   Dev-Physics (78F01B33-EBEA-4F98-B9B4-84EACCB95AA2): 0
LogDevObjectVersion:   Dev-Platform (6631380F-2D4D-43E0-8009-CF276956A95A): 0
LogDevObjectVersion:   Dev-Rendering (12F88B9F-8875-4AFC-A67C-D90C383ABD29): 20
LogDevObjectVersion:   Dev-Sequencer (7B5AE74C-D270-4C10-A958-57980B212A5A): 4
LogDevObjectVersion:   Dev-VR (D7296918-1DD6-4BDD-9DE2-64A83CC13884): 0
LogDevObjectVersion:   Dev-LoadTimes (C2A15278-BFE7-4AFE-6C17-90FF531DF755): 1
LogDevObjectVersion:   Private-Geometry (6EACA3D4-40EC-4CC1-B786-8BED09428FC5): 1
LogDevObjectVersion:   Dev-AnimPhys (29E575DD-E0A3-4627-9D10-D276232CDCEA): 12
LogInit: Compiled (64-bit): Jan 12 2018 02:04:55
LogInit: Compiled with Visual C++: 19.00.24215.01
LogInit: Build Configuration: Development
LogInit: Branch Name: ++UE4+Release-4.18
LogInit: Command line: -EpicPortal 
LogInit: Base directory: D:/Program Files/Epic Games/UE_4.18/Engine/Binaries/Win64/
LogInit: Installed Engine Build: 1
LogInit: Presizing for max 8388607 objects, including 0 objects not considered by GC, pre-allocating 0 bytes for permanent pool.
LogInit: Object subsystem initialized
[2018.01.26-22.50.26:063][  0]LogInit: Selected Device Profile: [Windows]
[2018.01.26-22.50.26:063][  0]LogInit: Applying CVar settings loaded from the selected device profile: [Windows]
[2018.01.26-22.50.26:075][  0]LogInit: Computer: DESKTOP-0D3C527
[2018.01.26-22.50.26:075][  0]LogInit: User: GuillaumeJulien
[2018.01.26-22.50.26:075][  0]LogInit: CPU Page size=4096, Cores=4
[2018.01.26-22.50.26:075][  0]LogInit: High frequency timer resolution =2.742190 MHz
[2018.01.26-22.50.26:075][  0]LogMemory: Memory total: Physical=24.0GB (24GB approx)
[2018.01.26-22.50.26:075][  0]LogMemory: Platform Memory Stats for Windows
[2018.01.26-22.50.26:075][  0]LogMemory: Process Physical Memory: 274.94 MB used, 274.94 MB peak
[2018.01.26-22.50.26:075][  0]LogMemory: Process Virtual Memory: 271.88 MB used, 271.88 MB peak
[2018.01.26-22.50.26:075][  0]LogMemory: Physical Memory: 7760.65 MB used,  16768.24 MB free, 24528.89 MB total
[2018.01.26-22.50.26:075][  0]LogMemory: Virtual Memory: 679.97 MB used,  16768.24 MB free, 134217728.00 MB total
[2018.01.26-22.50.26:181][  0]LogInit: Using OS detected language (en-GB).
[2018.01.26-22.50.26:181][  0]LogInit: Using OS detected locale (en-GB).
[2018.01.26-22.50.26:185][  0]LogTextLocalizationManager: No specific localization for 'en-GB' exists, so the 'en' localization will be used.
[2018.01.26-22.50.26:596][  0]LogInit: Setting process to per monitor DPI aware
[2018.01.26-22.50.26:834][  0]LogD3D11RHI: D3D11 adapters:
[2018.01.26-22.50.26:878][  0]LogD3D11RHI:    0. 'NVIDIA GeForce GTX 1060' (Feature Level 11_0)
[2018.01.26-22.50.26:878][  0]LogD3D11RHI:       3019/0/12264 MB DedicatedVideo/DedicatedSystem/SharedSystem, Outputs:1, VendorId:0x10de
[2018.01.26-22.50.26:880][  0]LogD3D11RHI:    1. 'Microsoft Basic Render Driver' (Feature Level 11_0)
[2018.01.26-22.50.26:880][  0]LogD3D11RHI:       0/0/12264 MB DedicatedVideo/DedicatedSystem/SharedSystem, Outputs:0, VendorId:0x1414
[2018.01.26-22.50.26:880][  0]LogD3D11RHI: Chosen D3D11 Adapter: 0
[2018.01.26-22.50.26:887][  0]LogD3D11RHI: Creating new Direct3DDevice
[2018.01.26-22.50.26:887][  0]LogD3D11RHI:     GPU DeviceId: 0x1c60 (for the marketing name, search the web for "GPU Device Id")
[2018.01.26-22.50.26:887][  0]LogWindows: EnumDisplayDevices:
[2018.01.26-22.50.26:888][  0]LogWindows:    0. 'NVIDIA GeForce GTX 1060' (P:1 D:1)
[2018.01.26-22.50.26:888][  0]LogWindows:    1. 'NVIDIA GeForce GTX 1060' (P:0 D:0)
[2018.01.26-22.50.26:888][  0]LogWindows:    2. 'NVIDIA GeForce GTX 1060' (P:0 D:0)
[2018.01.26-22.50.26:888][  0]LogWindows:    3. 'NVIDIA GeForce GTX 1060' (P:0 D:0)
[2018.01.26-22.50.26:888][  0]LogWindows: DebugString: GetVideoDriverDetailsInvalid PrimaryIsNotTheChoosenAdapter GetVideoDriverDetailsInvalid PrimaryIsNotTheChoosenAdapter GetVideoDriverDetailsInvalid PrimaryIsNotTheChoosenAdapter GetVideoDriverDetailsInvalid PrimaryIsNotTheChoosenAdapter FoundDriverCount:0 
[2018.01.26-22.50.26:888][  0]LogD3D11RHI:     Adapter Name: NVIDIA GeForce GTX 1060
[2018.01.26-22.50.26:888][  0]LogD3D11RHI:   Driver Version: Unknown (internal:Unknown, unified:Unknown)
[2018.01.26-22.50.26:888][  0]LogD3D11RHI:      Driver Date: Unknown
[2018.01.26-22.50.26:888][  0]LogRHI: Texture pool is 2113 MB (70% of 3019 MB)
[2018.01.26-22.50.26:919][  0]LogD3D11RHI: Async texture creation enabled
[2018.01.26-22.50.26:930][  0]LogD3D11RHI: GPU Timing Frequency: 1000.000000 (Debug: 2 1)
[2018.01.26-22.50.26:973][  0]LogShaderCompilers: Guid format shader working directory is 3 characters bigger than the processId version (../../../../../../UnrealProjects/SpaceUnicornGGJ18/MST/Intermediate/Shaders/WorkingDirectory/4956/).
[2018.01.26-22.50.26:973][  0]LogShaderCompilers: Cleaned the shader compiler working directory 'C:/Users/Guillaume Julien/AppData/Local/Temp/UnrealShaderWorkingDir/A9CBECD446C6953DF117839AC51D15CE/'.
[2018.01.26-22.50.26:974][  0]LogShaderCompilers: Display: Using Local Shader Compiler.
[2018.01.26-22.50.27:893][  0]LogTemp: Display: Loaded TP AllDesktopTargetPlatform
[2018.01.26-22.50.27:935][  0]LogTemp: Display: Loaded TP MacClientTargetPlatform
[2018.01.26-22.50.27:973][  0]LogTemp: Display: Loaded TP MacNoEditorTargetPlatform
[2018.01.26-22.50.28:011][  0]LogTemp: Display: Loaded TP MacServerTargetPlatform
[2018.01.26-22.50.28:050][  0]LogTemp: Display: Loaded TP MacTargetPlatform
[2018.01.26-22.50.28:096][  0]LogTemp: Display: Loaded TP WindowsClientTargetPlatform
[2018.01.26-22.50.28:135][  0]LogTemp: Display: Loaded TP WindowsNoEditorTargetPlatform
[2018.01.26-22.50.28:172][  0]LogTemp: Display: Loaded TP WindowsServerTargetPlatform
[2018.01.26-22.50.28:204][  0]LogTemp: Display: Loaded TP WindowsTargetPlatform
[2018.01.26-22.50.28:242][  0]LogTemp: Display: Loaded TP Android_ASTCTargetPlatform
[2018.01.26-22.50.28:280][  0]LogTemp: Display: Loaded TP Android_ATCTargetPlatform
[2018.01.26-22.50.28:320][  0]LogTemp: Display: Loaded TP Android_DXTTargetPlatform
[2018.01.26-22.50.28:362][  0]LogTemp: Display: Loaded TP Android_ETC1TargetPlatform
[2018.01.26-22.50.28:404][  0]LogTemp: Display: Loaded TP Android_ETC2TargetPlatform
[2018.01.26-22.50.28:498][  0]LogTemp: Display: Loaded TP Android_MultiTargetPlatform
[2018.01.26-22.50.28:498][  0]LogTemp: Display: Loaded TP Android_PVRTCTargetPlatform
[2018.01.26-22.50.28:536][  0]LogTemp: Display: Loaded TP AndroidTargetPlatform
[2018.01.26-22.50.28:563][  0]LogTemp: Display: Loaded TP HTML5TargetPlatform
[2018.01.26-22.50.28:638][  0]LogTemp: Display: Loaded TP IOSTargetPlatform
[2018.01.26-22.50.28:666][  0]LogTemp: Display: Loaded TP TVOSTargetPlatform
[2018.01.26-22.50.28:708][  0]LogTemp: Display: Loaded TP LinuxClientTargetPlatform
[2018.01.26-22.50.28:746][  0]LogTemp: Display: Loaded TP LinuxNoEditorTargetPlatform
[2018.01.26-22.50.28:784][  0]LogTemp: Display: Loaded TP LinuxServerTargetPlatform
[2018.01.26-22.50.28:820][  0]LogTemp: Display: Loaded TP LinuxTargetPlatform
[2018.01.26-22.50.28:820][  0]LogTargetPlatformManager: Display: Building Assets For Windows
[2018.01.26-22.50.29:150][  0]LogDerivedDataCache: Display: Max Cache Size: 512 MB
[2018.01.26-22.50.29:212][  0]LogDerivedDataCache: Loaded boot cache 0.06s 78MB C:/Users/Guillaume Julien/AppData/Local/UnrealEngine/4.18/DerivedDataCache/Boot.ddc.
[2018.01.26-22.50.29:212][  0]LogDerivedDataCache: Display: Loaded Boot cache: C:/Users/Guillaume Julien/AppData/Local/UnrealEngine/4.18/DerivedDataCache/Boot.ddc
[2018.01.26-22.50.29:212][  0]LogDerivedDataCache: FDerivedDataBackendGraph:  Pak pak cache file ../../../../../../UnrealProjects/SpaceUnicornGGJ18/MST/DerivedDataCache/DDC.ddp not found, will not use a pak cache.
[2018.01.26-22.50.29:212][  0]LogDerivedDataCache: Unable to find inner node Pak for hierarchical cache Hierarchy.
[2018.01.26-22.50.29:212][  0]LogDerivedDataCache: FDerivedDataBackendGraph:  CompressedPak pak cache file ../../../../../../UnrealProjects/SpaceUnicornGGJ18/MST/DerivedDataCache/Compressed.ddp not found, will not use a pak cache.
[2018.01.26-22.50.29:212][  0]LogDerivedDataCache: Unable to find inner node CompressedPak for hierarchical cache Hierarchy.
[2018.01.26-22.50.29:228][  0]LogDerivedDataCache: Display: Pak cache opened for reading ../../../Engine/DerivedDataCache/Compressed.ddp.
[2018.01.26-22.50.29:240][  0]LogDerivedDataCache: Using Local data cache path C:/Users/Guillaume Julien/AppData/Local/UnrealEngine/Common/DerivedDataCache: Writable
[2018.01.26-22.50.29:249][  0]LogMaterial: Verifying Global Shaders for PCD3D_SM5
[2018.01.26-22.50.29:250][  0]LogSlate: Using Freetype 2.6.0
[2018.01.26-22.50.29:250][  0]LogSlate: SlateFontCache - WITH_FREETYPE: 1, WITH_HARFBUZZ: 1
[2018.01.26-22.50.29:250][  0]LogSlate: SlateFontCache - WITH_FREETYPE: 1, WITH_HARFBUZZ: 1
[2018.01.26-22.50.29:588][  0]LogInit: Selected Device Profile: [Windows]
[2018.01.26-22.50.29:851][  0]LogSimplygon: Simplygon DLL not present - disabling.
[2018.01.26-22.50.29:880][  0]LogMeshReduction: Using SimplygonSwarm for distributed automatic mesh merging
[2018.01.26-22.50.29:880][  0]LogMeshReduction: Using QuadricMeshReduction for automatic static mesh reduction
[2018.01.26-22.50.29:880][  0]LogMeshReduction: No automatic skeletal mesh reduction module available
[2018.01.26-22.50.29:880][  0]LogMeshReduction: No automatic mesh merging module available
[2018.01.26-22.50.29:880][  0]LogMeshMerging: No automatic mesh merging module available
[2018.01.26-22.50.29:906][  0]LogNetVersion: MST , NetCL: 3709383, EngineNetVer: 2, GameNetVer: 0 (Checksum: 1296747861)
[2018.01.26-22.50.30:044][  0]LogAssetRegistry: FAssetRegistry took 0.0248 seconds to start up
[2018.01.26-22.50.30:493][  0]LogPackageLocalizationCache: Processed 7 localized package path(s) for 2 prioritized culture(s) in 0.074671 seconds
[2018.01.26-22.50.30:501][  0]LogUObjectArray: 35870 objects as part of root set at end of initial load.
[2018.01.26-22.50.30:501][  0]LogUObjectAllocator: 7363696 out of 0 bytes used by permanent object pool.
[2018.01.26-22.50.30:501][  0]LogUObjectArray: CloseDisregardForGC: 0/0 objects in disregard for GC pool
[2018.01.26-22.50.30:543][  0]LogInit: WinSock: version 1.1 (2.2), MaxSocks=32767, MaxUdp=65467
[2018.01.26-22.50.32:981][  0]LogTcpMessaging: Initializing TcpMessaging bridge
[2018.01.26-22.50.33:014][  0]LogUdpMessaging: Initializing bridge on interface 0.0.0.0:0 to multicast group 230.0.0.1:6666.
[2018.01.26-22.50.33:015][  0]FUdpSocketBuilder: Failed to subscribe UdpMessageMulticastSocket to multicast group 230.0.0.1
[2018.01.26-22.50.33:015][  0]FUdpSocketBuilder: Failed to create and initialize socket UdpMessageMulticastSocket (last error: 0)
[2018.01.26-22.50.33:015][  0]LogUdpMessaging: Warning: StartTransport failed to create multicast socket on 0.0.0.0:0, joined to 230.0.0.1:6666 with TTL 1
[2018.01.26-22.50.33:545][  0]LogMaterial: Uniform references updated for custom material expression Custom.
[2018.01.26-22.50.33:892][  0]SourceControl: Source control is disabled
[2018.01.26-22.50.35:032][  0]LogAndroidPermission: UAndroidPermissionCallbackProxy::GetInstance
[2018.01.26-22.50.35:240][  0]LogOcInput: OculusInput pre-init called
[2018.01.26-22.50.35:474][  0]LogEngine: Initializing Engine...
[2018.01.26-22.50.35:476][  0]LogHMD: Failed to initialize OpenVR with code 110
[2018.01.26-22.50.35:702][  0]LogStats: UGameplayTagsManager::ConstructGameplayTagTree: Construct from data asset -  0.000 s
[2018.01.26-22.50.35:702][  0]LogStats: UGameplayTagsManager::ConstructGameplayTagTree: GameplayTagTreeChangedEvent.Broadcast -  0.000 s
[2018.01.26-22.50.35:794][  0]LogAIModule: Creating AISystem for world Untitled
[2018.01.26-22.50.35:802][  0]LogInit: XAudio2 using 'Speakers (Realtek High Definition Audio)' : 2 channels at 48 kHz using 32 bits per sample (channel mask 0x3)
[2018.01.26-22.50.35:836][  0]LogInit: FAudioDevice initialized.
[2018.01.26-22.50.35:918][  0]LogDerivedDataCache: Saved boot cache 0.08s 78MB C:/Users/Guillaume Julien/AppData/Local/UnrealEngine/4.18/DerivedDataCache/Boot.ddc.
[2018.01.26-22.50.35:930][  0]LogInit: Texture streaming: Enabled
[2018.01.26-22.50.35:996][  0]LogEngineSessionManager: EngineSessionManager initialized
[2018.01.26-22.50.36:092][  0]LogInit: Transaction tracking system initialized
[2018.01.26-22.50.36:312][  0]BlueprintLog: New page: Editor Load
[2018.01.26-22.50.36:981][  0]LocalizationService: Localization service is disabled
[2018.01.26-22.50.37:534][  0]LogConsoleResponse: Display: 
[2018.01.26-22.50.37:688][  0]LogCook: Display: Max memory allowance for cook 16384mb min free memory 0mb
[2018.01.26-22.50.37:688][  0]LogCook: Display: Mobile HDR setting 1
[2018.01.26-22.50.37:688][  0]LogGameplayTags: Display: UGameplayTagsManager::DoneAddingNativeTags. DelegateIsBound: 0
[2018.01.26-22.50.37:817][  0]LogFileCache: Scanning file cache for directory 'D:/UnrealProjects/SpaceUnicornGGJ18/MST/Content/' took 0.01s
[2018.01.26-22.50.38:610][  0]Cmd: MAP LOAD FILE="../../../../../../UnrealProjects/SpaceUnicornGGJ18/MST/Content/RollingBP/Maps/RollingBPExampleMap.umap" TEMPLATE=0 SHOWPROGRESS=1 FEATURELEVEL=3
[2018.01.26-22.50.38:611][  0]LightingResults: New page: Lighting Build
[2018.01.26-22.50.38:644][  0]MapCheck: New page: Map Check
[2018.01.26-22.50.38:644][  0]LightingResults: New page: Lighting Build
[2018.01.26-22.50.38:929][  0]LogAIModule: Creating AISystem for world RollingBPExampleMap
[2018.01.26-22.50.38:942][  0]LogEditorServer: Finished looking for orphan Actors (0.000 secs)
[2018.01.26-22.50.38:953][  0]Cmd: MAP CHECKDEP NOCLEARLOG
[2018.01.26-22.50.38:998][  0]MapCheck: Map check complete: 0 Error(s), 0 Warning(s), took 45.276ms to complete.
[2018.01.26-22.50.38:998][  0]LogFileHelpers: Loading map 'RollingBPExampleMap' took 0.388
[2018.01.26-22.50.39:139][  0]LogCollectionManager: Loaded 0 collections in 0.001374 seconds
[2018.01.26-22.50.39:212][  0]LogFileCache: Scanning file cache for directory 'D:/UnrealProjects/SpaceUnicornGGJ18/MST/Saved/Collections/' took 0.01s
[2018.01.26-22.50.39:212][  0]LogFileCache: Scanning file cache for directory 'D:/UnrealProjects/SpaceUnicornGGJ18/MST/Content/Developers/GuillaumeJulien/Collections/' took 0.01s
[2018.01.26-22.50.39:212][  0]LogFileCache: Scanning file cache for directory 'D:/UnrealProjects/SpaceUnicornGGJ18/MST/Content/Collections/' took 0.01s
[2018.01.26-22.50.39:212][  0]LogCollectionManager: Rebuilt the GUID cache for 0 collections in 0.000001 seconds
[2018.01.26-22.50.39:221][  0]LogContentBrowser: Native class hierarchy populated in 0.0088 seconds. Added 2363 classes and 519 folders.
[2018.01.26-22.50.39:268][  0]LogContentBrowser: Native class hierarchy updated for 'WidgetCarousel' in 0.0002 seconds. Added 0 classes and 0 folders.
[2018.01.26-22.50.39:303][  0]LogContentBrowser: Native class hierarchy updated for 'AddContentDialog' in 0.0002 seconds. Added 0 classes and 0 folders.
[2018.01.26-22.50.39:332][  0]LogContentBrowser: Native class hierarchy updated for 'SceneOutliner' in 0.0002 seconds. Added 1 classes and 2 folders.
[2018.01.26-22.50.39:348][  0]LogSlate: Took 0.000177 seconds to synchronously load lazily loaded font '../../../Engine/Content/Slate/Fonts/Roboto-Regular.ttf' (155K)
[2018.01.26-22.50.39:350][  0]LogSlate: Took 0.000269 seconds to synchronously load lazily loaded font '../../../Engine/Content/Slate/Fonts/Roboto-Bold.ttf' (160K)
[2018.01.26-22.50.39:355][  0]LogSlate: Took 0.000183 seconds to synchronously load lazily loaded font '../../../Engine/Content/Editor/Slate/Fonts/FontAwesome.ttf' (139K)
[2018.01.26-22.50.39:450][  0]LogRenderer: Reallocating scene render targets to support 1208x600 Format 10 NumSamples 1 (Frame:1).
[2018.01.26-22.50.39:581][  0]LogContentBrowser: Native class hierarchy updated for 'HierarchicalLODOutliner' in 0.0002 seconds. Added 1 classes and 2 folders.
[2018.01.26-22.50.39:581][  0]LogLoad: (Engine Initialization) Total time: 15.48 seconds
[2018.01.26-22.50.39:581][  0]LogLoad: (Engine Initialization) Total Blueprint compile time: 0.00 seconds
[2018.01.26-22.50.39:582][  0]LogExternalProfiler: No external profilers were discovered.  External profiling features will not be available.
[2018.01.26-22.50.39:599][  0]LogWindowsTextInputMethodSystem: Display: IME system now deactivated.
[2018.01.26-22.50.39:616][  0]LogAssetRegistry: Asset discovery search completed in 9.5932 seconds
[2018.01.26-22.50.39:618][  0]LogCollectionManager: Rebuilt the object cache for 0 collections in 0.000001 seconds (found 0 objects)
[2018.01.26-22.50.39:618][  0]LogCollectionManager: Fixed up redirectors for 0 collections in 0.000040 seconds (updated 0 objects)
[2018.01.26-22.50.39:621][  0]SourceControl: On branch master
[2018.01.26-22.50.39:621][  0]SourceControl: Your branch is up-to-date with 'origin/master'.
[2018.01.26-22.50.39:621][  0]SourceControl: Changes not staged for commit:
[2018.01.26-22.50.39:621][  0]SourceControl:   (use "git add <file>..." to update what will be committed)
[2018.01.26-22.50.39:621][  0]SourceControl:   (use "git checkout -- <file>..." to discard changes in working directory)
[2018.01.26-22.50.39:621][  0]SourceControl: 	modified:   MST/Intermediate/CachedAssetRegistry.bin
[2018.01.26-22.50.39:621][  0]SourceControl: 	modified:   MST/Saved/Logs/MST.log
[2018.01.26-22.50.39:621][  0]SourceControl: Untracked files:
[2018.01.26-22.50.39:621][  0]SourceControl:   (use "git add <file>..." to include in what will be committed)
[2018.01.26-22.50.39:621][  0]SourceControl: 	MST/Intermediate/AssetRegistryCache/0db2bfa9.bin
[2018.01.26-22.50.39:621][  0]SourceControl: 	MST/Intermediate/AssetRegistryCache/266574c4.bin
[2018.01.26-22.50.39:621][  0]SourceControl: 	MST/Intermediate/AssetRegistryCache/7c5240f2.bin
[2018.01.26-22.50.39:621][  0]SourceControl: 	MST/Intermediate/AssetRegistryCache/aff1c699.bin
[2018.01.26-22.50.39:621][  0]SourceControl: 	MST/Intermediate/AssetRegistryCache/e2765583.bin
[2018.01.26-22.50.39:621][  0]SourceControl: 	MST/Intermediate/AssetRegistryCache/e8c2d44a.bin
[2018.01.26-22.50.39:621][  0]SourceControl: 	MST/Intermediate/AssetRegistryCache/f66358aa.bin
[2018.01.26-22.50.39:621][  0]SourceControl: 	MST/Saved/AutoScreenshot.png
[2018.01.26-22.50.39:621][  0]SourceControl: 	MST/Saved/Autosaves/Game/
[2018.01.26-22.50.39:621][  0]SourceControl: 	MST/Saved/Backup/M_Burst_2018-01-26-23-05-50.uasset
[2018.01.26-22.50.39:621][  0]SourceControl: 	MST/Saved/Backup/M_Burst_2018-01-26-23-12-23.uasset
[2018.01.26-22.50.39:621][  0]SourceControl: 	MST/Saved/Backup/PhysicsBallBP_2018-01-26-22-47-07.uasset
[2018.01.26-22.50.39:621][  0]SourceControl: 	MST/Saved/Backup/PhysicsBallBP_2018-01-26-23-07-04.uasset
[2018.01.26-22.50.39:621][  0]SourceControl: 	MST/Saved/Backup/RollingBPExampleMap_2018-01-26-22-48-35.umap
[2018.01.26-22.50.39:621][  0]SourceControl: 	MST/Saved/Backup/RollingBPExampleMap_2018-01-26-22-54-14.umap
[2018.01.26-22.50.39:621][  0]SourceControl: 	MST/Saved/Backup/RollingBPExampleMap_2018-01-26-23-05-49.umap
[2018.01.26-22.50.39:621][  0]SourceControl: 	MST/Saved/Backup/RollingBPExampleMap_2018-01-26-23-12-21.umap
[2018.01.26-22.50.39:621][  0]SourceControl: 	MST/Saved/Backup/RollingBPExampleMap_2018-01-26-23-25-54.umap
[2018.01.26-22.50.39:621][  0]SourceControl: 	MST/Saved/Backup/RollingBPExampleMap_2018-01-26-23-39-50.umap
[2018.01.26-22.50.39:622][  0]SourceControl: 	MST/Saved/Backup/RollingBPExampleMap_2018-01-26-23-48-38.umap
[2018.01.26-22.50.39:622][  0]SourceControl: 	MST/Saved/Backup/RollingBPExampleMap_BuiltData_2018-01-26-22-54-15.uasset
[2018.01.26-22.50.39:622][  0]SourceControl: 	MST/Saved/Backup/RollingBPExampleMap_BuiltData_2018-01-26-23-05-50.uasset
[2018.01.26-22.50.39:622][  0]SourceControl: 	MST/Saved/Backup/RollingBPExampleMap_BuiltData_2018-01-26-23-12-22.uasset
[2018.01.26-22.50.39:622][  0]SourceControl: 	MST/Saved/Backup/RollingBPExampleMap_BuiltData_2018-01-26-23-39-51.uasset
[2018.01.26-22.50.39:622][  0]SourceControl: 	MST/Saved/Config/CrashReportClient/UE4CC-Windows-2187037F433202B74889119F9334746A/
[2018.01.26-22.50.39:622][  0]SourceControl: 	MST/Saved/Config/CrashReportClient/UE4CC-Windows-2E6FBBCE49B25D97D81E9CAEEAFCFFC3/
[2018.01.26-22.50.39:622][  0]SourceControl: 	MST/Saved/Config/CrashReportClient/UE4CC-Windows-DE2CAA5047673CDFE72AB2A9D7A53B80/
[2018.01.26-22.50.39:622][  0]SourceControl: 	MST/Saved/Config/WorldState/
[2018.01.26-22.50.39:622][  0]SourceControl: 	MST/Saved/Logs/MST-backup-2018.01.26-22.35.42.log
[2018.01.26-22.50.39:622][  0]SourceControl: 	MST/Saved/Logs/MST-backup-2018.01.26-23.50.24.log
[2018.01.26-22.50.39:622][  0]SourceControl: 	MST/Saved/Logs/MST_2-backup-2018.01.26-23.39.53.log
[2018.01.26-22.50.39:622][  0]SourceControl: 	MST/Saved/Logs/MST_2.log
[2018.01.26-22.50.39:622][  0]SourceControl: no changes added to commit (use "git add" and/or "git commit -a")
[2018.01.26-22.50.39:622][  0]LogContentStreaming: Texture pool size now 1000 MB
[2018.01.26-22.50.39:665][  0]LogSlate: Took 0.000212 seconds to synchronously load lazily loaded font '../../../Engine/Content/Slate/Fonts/Roboto-Light.ttf' (159K)
[2018.01.26-22.50.47:941][496]LogEditorViewport: Clicking on Actor (LMB): StaticMeshActor (Ground)
[2018.01.26-22.51.09:711][797]LogEditorViewport: Clicking on Actor (LMB): StaticMeshActor (Ground)
[2018.01.26-22.51.10:725][857]LogEditorViewport: Clicking on Actor (LMB): PhysicsBallBP_C (PhysicsBallBP)
[2018.01.26-22.51.11:567][903]LogEditorViewport: Clicking on Actor (context menu): PhysicsBallBP_C (PhysicsBallBP)
[2018.01.26-22.51.14:863][ 99]LogSlate: Took 0.000322 seconds to synchronously load lazily loaded font '../../../Engine/Content/Editor/Slate/Fonts/Roboto-Italic.ttf' (157K)
[2018.01.26-22.51.18:639][325]LogSlate: Took 0.000219 seconds to synchronously load lazily loaded font '../../../Engine/Content/Slate/Fonts/Roboto-Light.ttf' (159K)
[2018.01.26-22.51.18:919][325]LogContentBrowser: Native class hierarchy updated for 'BlueprintGraph' in 0.0005 seconds. Added 116 classes and 0 folders.
[2018.01.26-22.51.19:581][325]LogSlate: Took 0.000186 seconds to synchronously load lazily loaded font '../../../Engine/Content/Editor/Slate/Fonts/Roboto-BoldCondensed.ttf' (158K)
[2018.01.26-22.53.47:646][131]LogEditorViewport: Clicking on Actor (LMB): StaticMeshActor (Ground)
[2018.01.26-22.54.15:015][767]LogActorFactory: Actor Factory created Cube
[2018.01.26-22.54.17:500][915]LogActorFactory: Actor Factory created Cube
[2018.01.26-22.55.25:212][947]LogSavePackage: Save=254.29ms
[2018.01.26-22.55.25:212][947]LogSavePackage: Moving '../../../../../../UnrealProjects/SpaceUnicornGGJ18/MST/Saved/RollingBPExampleMapF55119DB4924155A418392A41CF8CBB2.tmp' to '../../../../../../UnrealProjects/SpaceUnicornGGJ18/MST/Content/RollingBP/Maps/RollingBPExampleMap.umap'
[2018.01.26-22.55.25:216][947]LogSavePackage: Display: Finished SavePackage ../../../../../../UnrealProjects/SpaceUnicornGGJ18/MST/Content/RollingBP/Maps/RollingBPExampleMap.umap
[2018.01.26-22.55.26:281][947]LogSlate: Took 0.000200 seconds to synchronously load lazily loaded font '../../../Engine/Content/Slate/Fonts/Roboto-Regular.ttf' (155K)
[2018.01.26-22.55.27:137][947]LogSavePackage: Save=1811.52ms
[2018.01.26-22.55.27:137][947]LogSavePackage: Moving '../../../../../../UnrealProjects/SpaceUnicornGGJ18/MST/Saved/RollingBPExampleMap_BuiltData840F51D8449CD1FD942365B797AB5DFE.tmp' to '../../../../../../UnrealProjects/SpaceUnicornGGJ18/MST/Content/RollingBP/Maps/RollingBPExampleMap_BuiltData.uasset'
[2018.01.26-22.55.27:141][947]LogSavePackage: Display: Finished SavePackage ../../../../../../UnrealProjects/SpaceUnicornGGJ18/MST/Content/RollingBP/Maps/RollingBPExampleMap_BuiltData.uasset
[2018.01.26-22.59.02:624][752]LogEditorViewport: Clicking on Actor (context menu): StaticMeshActor (TemplateCube_Rounded_69)
[2018.01.26-22.59.25:112][695]LogEditorViewport: Clicking on Actor (LMB): StaticMeshActor (Ground)
[2018.01.26-22.59.26:172][756]LogEditorViewport: Clicking on Actor (LMB): StaticMeshActor (Cube)
[2018.01.26-22.59.27:549][836]LogEditorViewport: Clicking on Actor (LMB): StaticMeshActor (Ground)
[2018.01.26-22.59.28:145][869]LogEditorViewport: Clicking on Actor (LMB): StaticMeshActor (Ground)
[2018.01.26-22.59.29:237][934]LogEditorViewport: Clicking on Actor (LMB): StaticMeshActor (Ground)
[2018.01.26-22.59.31:129][ 47]LogEditorViewport: Clicking on Actor (LMB): StaticMeshActor (Ground)
[2018.01.26-22.59.31:873][ 91]LogEditorViewport: Clicking on Actor (LMB): StaticMeshActor (Ground)
[2018.01.26-22.59.32:598][134]LogEditorViewport: Clicking on Actor (LMB): StaticMeshActor (Ground)
[2018.01.26-22.59.33:341][178]LogEditorViewport: Clicking on Actor (LMB): StaticMeshActor (Cube)
[2018.01.26-22.59.34:149][224]LogEditorViewport: Clicking on Actor (LMB): StaticMeshActor (Cube)
[2018.01.26-22.59.34:708][257]LogEditorViewport: Clicking on Actor (LMB): StaticMeshActor (Cube)
[2018.01.26-22.59.59:822][741]LogRenderer: Reallocating scene render targets to support 1208x940 Format 10 NumSamples 1 (Frame:1).
[2018.01.26-23.00.16:584][740]LogSlate: Took 0.000209 seconds to synchronously load lazily loaded font '../../../Engine/Content/Slate/Fonts/Roboto-Light.ttf' (159K)
[2018.01.26-23.00.27:703][386]LogEditorViewport: Clicking on Actor (LMB): StaticMeshActor (TemplateCube_Rounded_3)
[2018.01.26-23.00.30:197][533]LogEditorViewport: Clicking on Actor (LMB): StaticMeshActor (Ground)
[2018.01.26-23.02.30:196][614]LogSlate: Warning: Prevented a slow task dialog from being summoned while a context menu was open
[2018.01.26-23.02.55:298][112]Cmd: OBJ SAVEPACKAGE PACKAGE="/Game/RollingBP/Blueprints/PhysicsBallBP" FILE="../../../../../../UnrealProjects/SpaceUnicornGGJ18/MST/Content/RollingBP/Blueprints/PhysicsBallBP.uasset" SILENT=true
[2018.01.26-23.02.55:429][112]LogSavePackage: Save=122.88ms
[2018.01.26-23.02.55:429][112]LogSavePackage: Moving '../../../../../../UnrealProjects/SpaceUnicornGGJ18/MST/Saved/PhysicsBallBPF316808E4DFC0AFD9F4B5A89B31E449A.tmp' to '../../../../../../UnrealProjects/SpaceUnicornGGJ18/MST/Content/RollingBP/Blueprints/PhysicsBallBP.uasset'
[2018.01.26-23.02.55:432][112]LogSavePackage: Display: Finished SavePackage ../../../../../../UnrealProjects/SpaceUnicornGGJ18/MST/Content/RollingBP/Blueprints/PhysicsBallBP.uasset
[2018.01.26-23.02.57:663][216]LogSavePackage: Save=267.86ms
[2018.01.26-23.02.57:663][216]LogSavePackage: Moving '../../../../../../UnrealProjects/SpaceUnicornGGJ18/MST/Saved/RollingBPExampleMap8125354C4DAFD82720F3B4904A2CC8A2.tmp' to '../../../../../../UnrealProjects/SpaceUnicornGGJ18/MST/Content/RollingBP/Maps/RollingBPExampleMap.umap'
[2018.01.26-23.02.57:667][216]LogSavePackage: Display: Finished SavePackage ../../../../../../UnrealProjects/SpaceUnicornGGJ18/MST/Content/RollingBP/Maps/RollingBPExampleMap.umap
[2018.01.26-23.02.57:683][216]LogFileHelpers: Saving map 'RollingBPExampleMap' took 0.374
[2018.01.26-23.02.57:702][216]LogSavePackage: Save=14.07ms
[2018.01.26-23.02.57:702][216]LogSavePackage: Moving '../../../../../../UnrealProjects/SpaceUnicornGGJ18/MST/Saved/TriggerBox_Blueprint28AAFD5D4BE451C93E2B33A8B6EC3189.tmp' to '../../../../../../UnrealProjects/SpaceUnicornGGJ18/MST/Content/RollingBP/Blueprints/TriggerBox_Blueprint.uasset'
[2018.01.26-23.02.57:706][216]LogSavePackage: Display: Finished SavePackage ../../../../../../UnrealProjects/SpaceUnicornGGJ18/MST/Content/RollingBP/Blueprints/TriggerBox_Blueprint.uasset
[2018.01.26-23.03.46:647][117]LogSlate: Warning: Prevented a slow task dialog from being summoned while a context menu was open
[2018.01.26-23.06.10:519][704]LogTemp: Repeating last play command: New Editor Window (PIE)
[2018.01.26-23.06.10:600][704]LogBlueprintUserMessages: Early PlayInEditor Detection: Level '/Game/RollingBP/Maps/RollingBPExampleMap.RollingBPExampleMap:PersistentLevel' has LevelScriptBlueprint '/Game/RollingBP/Maps/RollingBPExampleMap.RollingBPExampleMap:PersistentLevel.RollingBPExampleMap' with GeneratedClass '/Game/RollingBP/Maps/RollingBPExampleMap.RollingBPExampleMap_C' with ClassGeneratedBy '/Game/RollingBP/Maps/RollingBPExampleMap.RollingBPExampleMap:PersistentLevel.RollingBPExampleMap'
[2018.01.26-23.06.10:600][704]BlueprintLog: New page: Pre-Play auto-recompile
[2018.01.26-23.06.10:614][704]LogPlayLevel: [PlayLevel] Compiling PhysicsBallBP before play...
[2018.01.26-23.06.10:989][704]LogPlayLevel: PlayLevel: Blueprint regeneration took 389 ms (1 blueprints)
[2018.01.26-23.06.10:990][704]PIE: New page: PIE session: RollingBPExampleMap (27 Jan 2018 01:06:10)
[2018.01.26-23.06.10:990][704]LogPlayLevel: Creating play world package: /Game/RollingBP/Maps/UEDPIE_0_RollingBPExampleMap
[2018.01.26-23.06.11:013][704]LogPlayLevel: PIE: StaticDuplicateObject took: (0.023307s)
[2018.01.26-23.06.11:014][704]LogAIModule: Creating AISystem for world RollingBPExampleMap
[2018.01.26-23.06.11:015][704]LogPlayLevel: PIE: World Init took: (0.001836s)
[2018.01.26-23.06.11:015][704]LogPlayLevel: PIE: Created PIE world by copying editor world from /Game/RollingBP/Maps/RollingBPExampleMap.RollingBPExampleMap to /Game/RollingBP/Maps/UEDPIE_0_RollingBPExampleMap.RollingBPExampleMap (0.025716s)
[2018.01.26-23.06.11:037][704]LogInit: XAudio2 using 'Speakers (Realtek High Definition Audio)' : 2 channels at 48 kHz using 32 bits per sample (channel mask 0x3)
[2018.01.26-23.06.11:066][704]LogInit: FAudioDevice initialized.
[2018.01.26-23.06.11:121][704]LogLoad: Game class is 'RollingGameMode_C'
[2018.01.26-23.06.11:127][704]LogWorld: Bringing World /Game/RollingBP/Maps/UEDPIE_0_RollingBPExampleMap.RollingBPExampleMap up for play (max tick rate 60) at 2018.01.27-00.06.11
[2018.01.26-23.06.11:127][704]LogWorld: Bringing up level for play took: 0.004387
[2018.01.26-23.06.11:161][704]LogContentBrowser: Native class hierarchy updated for 'MovieSceneCapture' in 0.0003 seconds. Added 11 classes and 0 folders.
[2018.01.26-23.06.11:166][704]PIE: Play in editor start time for /Game/RollingBP/Maps/UEDPIE_0_RollingBPExampleMap 1.286
[2018.01.26-23.06.11:167][704]LogBlueprintUserMessages: Late PlayInEditor Detection: Level '/Game/RollingBP/Maps/RollingBPExampleMap.RollingBPExampleMap:PersistentLevel' has LevelScriptBlueprint '/Game/RollingBP/Maps/RollingBPExampleMap.RollingBPExampleMap:PersistentLevel.RollingBPExampleMap' with GeneratedClass '/Game/RollingBP/Maps/RollingBPExampleMap.RollingBPExampleMap_C' with ClassGeneratedBy '/Game/RollingBP/Maps/RollingBPExampleMap.RollingBPExampleMap:PersistentLevel.RollingBPExampleMap'
[2018.01.26-23.06.11:198][704]LogRenderer: Reallocating scene render targets to support 1292x940 Format 10 NumSamples 1 (Frame:1).
[2018.01.26-23.07.07:466][902]LogBlueprintUserMessages: Early EndPlayMap Detection: Level '/Game/RollingBP/Maps/RollingBPExampleMap.RollingBPExampleMap:PersistentLevel' has LevelScriptBlueprint '/Game/RollingBP/Maps/RollingBPExampleMap.RollingBPExampleMap:PersistentLevel.RollingBPExampleMap' with GeneratedClass '/Game/RollingBP/Maps/RollingBPExampleMap.RollingBPExampleMap_C' with ClassGeneratedBy '/Game/RollingBP/Maps/RollingBPExampleMap.RollingBPExampleMap:PersistentLevel.RollingBPExampleMap'
[2018.01.26-23.07.07:513][902]LogBlueprintUserMessages: Late EndPlayMap Detection: Level '/Game/RollingBP/Maps/RollingBPExampleMap.RollingBPExampleMap:PersistentLevel' has LevelScriptBlueprint '/Game/RollingBP/Maps/RollingBPExampleMap.RollingBPExampleMap:PersistentLevel.RollingBPExampleMap' with GeneratedClass '/Game/RollingBP/Maps/RollingBPExampleMap.RollingBPExampleMap_C' with ClassGeneratedBy '/Game/RollingBP/Maps/RollingBPExampleMap.RollingBPExampleMap:PersistentLevel.RollingBPExampleMap'
[2018.01.26-23.11.02:718][979]LogTemp: Repeating last play command: New Editor Window (PIE)
[2018.01.26-23.11.02:743][979]LogBlueprintUserMessages: Early PlayInEditor Detection: Level '/Game/RollingBP/Maps/RollingBPExampleMap.RollingBPExampleMap:PersistentLevel' has LevelScriptBlueprint '/Game/RollingBP/Maps/RollingBPExampleMap.RollingBPExampleMap:PersistentLevel.RollingBPExampleMap' with GeneratedClass '/Game/RollingBP/Maps/RollingBPExampleMap.RollingBPExampleMap_C' with ClassGeneratedBy '/Game/RollingBP/Maps/RollingBPExampleMap.RollingBPExampleMap:PersistentLevel.RollingBPExampleMap'
[2018.01.26-23.11.02:743][979]BlueprintLog: New page: Pre-Play auto-recompile
[2018.01.26-23.11.02:757][979]LogPlayLevel: [PlayLevel] Compiling PhysicsBallBP before play...
[2018.01.26-23.11.03:213][979]LogPlayLevel: PlayLevel: Blueprint regeneration took 470 ms (1 blueprints)
[2018.01.26-23.11.03:214][979]PIE: New page: PIE session: RollingBPExampleMap (27 Jan 2018 01:11:03)
[2018.01.26-23.11.03:214][979]LogPlayLevel: Creating play world package: /Game/RollingBP/Maps/UEDPIE_0_RollingBPExampleMap
[2018.01.26-23.11.03:237][979]LogPlayLevel: PIE: StaticDuplicateObject took: (0.022968s)
[2018.01.26-23.11.03:238][979]LogAIModule: Creating AISystem for world RollingBPExampleMap
[2018.01.26-23.11.03:238][979]LogPlayLevel: PIE: World Init took: (0.001055s)
[2018.01.26-23.11.03:238][979]LogPlayLevel: PIE: Created PIE world by copying editor world from /Game/RollingBP/Maps/RollingBPExampleMap.RollingBPExampleMap to /Game/RollingBP/Maps/UEDPIE_0_RollingBPExampleMap.RollingBPExampleMap (0.024338s)
[2018.01.26-23.11.03:258][979]LogInit: XAudio2 using 'Speakers (Realtek High Definition Audio)' : 2 channels at 48 kHz using 32 bits per sample (channel mask 0x3)
[2018.01.26-23.11.03:287][979]LogInit: FAudioDevice initialized.
[2018.01.26-23.11.03:328][979]LogLoad: Game class is 'RollingGameMode_C'
[2018.01.26-23.11.03:333][979]LogWorld: Bringing World /Game/RollingBP/Maps/UEDPIE_0_RollingBPExampleMap.RollingBPExampleMap up for play (max tick rate 60) at 2018.01.27-00.11.03
[2018.01.26-23.11.03:333][979]LogWorld: Bringing up level for play took: 0.004174
[2018.01.26-23.11.03:335][979]PIE: Play in editor start time for /Game/RollingBP/Maps/UEDPIE_0_RollingBPExampleMap 1.455
[2018.01.26-23.11.03:335][979]LogBlueprintUserMessages: Late PlayInEditor Detection: Level '/Game/RollingBP/Maps/RollingBPExampleMap.RollingBPExampleMap:PersistentLevel' has LevelScriptBlueprint '/Game/RollingBP/Maps/RollingBPExampleMap.RollingBPExampleMap:PersistentLevel.RollingBPExampleMap' with GeneratedClass '/Game/RollingBP/Maps/RollingBPExampleMap.RollingBPExampleMap_C' with ClassGeneratedBy '/Game/RollingBP/Maps/RollingBPExampleMap.RollingBPExampleMap:PersistentLevel.RollingBPExampleMap'
[2018.01.26-23.11.54:451][ 39]LogBlueprintUserMessages: Early EndPlayMap Detection: Level '/Game/RollingBP/Maps/RollingBPExampleMap.RollingBPExampleMap:PersistentLevel' has LevelScriptBlueprint '/Game/RollingBP/Maps/RollingBPExampleMap.RollingBPExampleMap:PersistentLevel.RollingBPExampleMap' with GeneratedClass '/Game/RollingBP/Maps/RollingBPExampleMap.RollingBPExampleMap_C' with ClassGeneratedBy '/Game/RollingBP/Maps/RollingBPExampleMap.RollingBPExampleMap:PersistentLevel.RollingBPExampleMap'
[2018.01.26-23.11.54:498][ 39]LogBlueprintUserMessages: Late EndPlayMap Detection: Level '/Game/RollingBP/Maps/RollingBPExampleMap.RollingBPExampleMap:PersistentLevel' has LevelScriptBlueprint '/Game/RollingBP/Maps/RollingBPExampleMap.RollingBPExampleMap:PersistentLevel.RollingBPExampleMap' with GeneratedClass '/Game/RollingBP/Maps/RollingBPExampleMap.RollingBPExampleMap_C' with ClassGeneratedBy '/Game/RollingBP/Maps/RollingBPExampleMap.RollingBPExampleMap:PersistentLevel.RollingBPExampleMap'
[2018.01.26-23.12.59:573][627]LogSavePackage: Save=254.07ms
[2018.01.26-23.12.59:573][627]LogSavePackage: Moving '../../../../../../UnrealProjects/SpaceUnicornGGJ18/MST/Saved/RollingBPExampleMapB479BC2F4D60C8F667C60CB2CD1E8A55.tmp' to '../../../../../../UnrealProjects/SpaceUnicornGGJ18/MST/Content/RollingBP/Maps/RollingBPExampleMap.umap'
[2018.01.26-23.12.59:577][627]LogSavePackage: Display: Finished SavePackage ../../../../../../UnrealProjects/SpaceUnicornGGJ18/MST/Content/RollingBP/Maps/RollingBPExampleMap.umap
[2018.01.26-23.12.59:589][627]LogFileHelpers: Saving map 'RollingBPExampleMap' took 0.347
[2018.01.26-23.12.59:606][627]Cmd: OBJ SAVEPACKAGE PACKAGE="/Game/RollingBP/Blueprints/PhysicsBallBP" FILE="../../../../../../UnrealProjects/SpaceUnicornGGJ18/MST/Content/RollingBP/Blueprints/PhysicsBallBP.uasset" SILENT=true
[2018.01.26-23.12.59:740][627]LogSavePackage: Save=126.41ms
[2018.01.26-23.12.59:740][627]LogSavePackage: Moving '../../../../../../UnrealProjects/SpaceUnicornGGJ18/MST/Saved/PhysicsBallBP2E9248444A411E4BC5E4B0A78512CDCA.tmp' to '../../../../../../UnrealProjects/SpaceUnicornGGJ18/MST/Content/RollingBP/Blueprints/PhysicsBallBP.uasset'
[2018.01.26-23.12.59:743][627]LogSavePackage: Display: Finished SavePackage ../../../../../../UnrealProjects/SpaceUnicornGGJ18/MST/Content/RollingBP/Blueprints/PhysicsBallBP.uasset
